     1                                  [org 0x0100]
     2 00000000 E90E00                  jmp start
     3                                  
     4 00000003 F904F4090005FE0DFA-     array db -7, 4, -12, 9, 0, 5, -2, 13, -6, 8
     5 0000000C 08                 
     6 0000000D 00                      UL db 0     ; Unsigned Largest (absolute largest)
     7 0000000E 00                      US db 0     ; Unsigned Smallest (absolute smallest)
     8 0000000F 00                      SL db 0     ; Signed Largest
     9 00000010 00                      SSmall db 0     ; Signed Smallest
    10                                  
    11                                  start:
    12 00000011 A0[0300]                    mov al, [array]
    13 00000014 A2[0F00]                    mov [SL], al
    14 00000017 A2[1000]                    mov [SSmall], al
    15                                  
    16                                      ;abs the first elemnt
    17                                  	
    18 0000001A 88C3                        mov bl, al
    19 0000001C 80FB00                      cmp bl, 0
    20 0000001F 7D00                        jge no_neg
    21                                  	
    22                                  no_neg:
    23 00000021 881E[0D00]                  mov [UL], bl
    24 00000025 881E[0E00]                  mov [US], bl
    25                                  
    26 00000029 B90900                      mov cx, 9         ; 10 elements total, already used first
    27 0000002C BE[0400]                    mov si, array + 1
    28                                  
    29                                  loop_elements:
    30 0000002F 8A04                        mov al, [si]
    31                                  
    32                                      ;SL
    33 00000031 8A1E[0F00]                  mov bl, [SL]
    34 00000035 38D8                        cmp al, bl
    35 00000037 7E03                        jle skipSL
    36 00000039 A2[0F00]                    mov [SL], al
    37                                  skipSL:
    38                                  
    39                                      ;SS
    40 0000003C 8A1E[1000]                  mov bl, [SSmall]
    41 00000040 38D8                        cmp al, bl
    42 00000042 7D03                        jge skipSSmall
    43 00000044 A2[1000]                    mov [SSmall], al
    44                                  skipSSmall:
    45                                  
    46                                      ;abs for unsigned comparison
    47 00000047 88C3                        mov bl, al
    48 00000049 80FB00                      cmp bl, 0
    49 0000004C 7D02                        jge abs_done
    50 0000004E F6DB                        neg bl
    51                                  abs_done:
    52                                  
    53                                      ;UL
    54 00000050 8A16[0D00]                  mov dl, [UL]
    55 00000054 38D3                        cmp bl, dl
    56 00000056 7604                        jbe skipUL
    57 00000058 881E[0D00]                  mov [UL], bl
    58                                  skipUL:
    59                                  
    60                                      ;US
    61 0000005C 8A16[0E00]                  mov dl, [US]
    62 00000060 38D3                        cmp bl, dl
    63 00000062 7304                        jae skipUS
    64 00000064 881E[0E00]                  mov [US], bl
    65                                  skipUS:
    66                                  
    67 00000068 46                          inc si
    68 00000069 E2C4                        loop loop_elements
    69                                  
    70                                  end:
    71 0000006B B8004C                      mov ax, 0x4c00
    72 0000006E CD21                        int 0x21
