     1                                  [org 0x0100]
     2                                  
     3 00000000 B80C00                  mov ax, 12
     4 00000003 BB1400                  mov bx, 20
     5 00000006 39D8                    cmp ax,bx
     6                                  
     7 00000008 7209                    jb L1
     8 0000000A 29C3                    sub bx,ax
     9 0000000C 891E[1D00]              mov [sum],bx
    10 00000010 E90500                  jmp end
    11                                  L1:
    12 00000013 29D8                    sub ax,bx
    13 00000015 A3[1D00]                mov [sum],ax
    14                                  
    15                                  end:
    16 00000018 B8004C                  mov ax,0x4c00
    17 0000001B CD21                    int 0x21
    18                                  
    19 0000001D 0000                    sum dw 0
    20                                  
    21                                  
    22                                  
    23                                  
    24                                  
    25                                  
    26                                  
    27                                  
    28                                  
