     1                                  [org 0x0100]
     2                                  
     3 00000000 B400                    mov ah, 0   ;waiting for key to be pressed
     4 00000002 CD16                    int 16h ; AL has ASCII, AH is for scaning the code
     5                                  
     6 00000004 88C3                    mov bl, al
     7 00000006 88E7                    mov bh, ah
     8                                  
     9                                  ; show ascii text
    10 00000008 B409                    mov ah, 9
    11 0000000A BA[3100]                mov dx, msg1
    12 0000000D CD21                    int 21h
    13                                  
    14                                  ; show ASCII character
    15 0000000F 88DA                    mov dl, bl
    16 00000011 B402                    mov ah, 2   ;2 is for display
    17 00000013 CD21                    int 21h
    18                                  
    19                                  ; new line
    20 00000015 B20D                    mov dl, 13
    21 00000017 B402                    mov ah, 2
    22 00000019 CD21                    int 21h
    23 0000001B B20A                    mov dl, 10
    24 0000001D CD21                    int 21h
    25                                  
    26                                  ; show scan text
    27 0000001F B409                    mov ah, 9
    28 00000021 BA[3E00]                mov dx, msg2
    29 00000024 CD21                    int 21h
    30                                  
    31                                  ; show scan code as char
    32 00000026 88FA                    mov dl, bh
    33 00000028 B402                    mov ah, 2
    34 0000002A CD21                    int 21h
    35                                  
    36 0000002C B8004C                  mov ax, 0x4c00
    37 0000002F CD21                    int 21h
    38                                  
    39 00000031 415343494920436F64-     msg1: db 'ASCII Code: $'
    40 0000003A 653A2024           
    41 0000003E 5363616E20436F6465-     msg2: db 'Scan Code: $'
    42 00000047 3A2024             
